D:\anaconda3\Lib\site-packages\torch\optim\lr_scheduler.py:62: UserWarning: The verbose parameter is deprecated. Please use get_last_lr() to access the learning rate.
  warnings.warn(
====== LodgeNet训练开始 ======
训练配置:
  - 数据根目录: ./guanceng-bit
  - JSON根目录: ./biaozhu_json
  - 输出目录: ./output_lodgenet_20250523_211950
  - 批次大小: 8
  - 学习率: 0.0001
  - 训练轮数: 50
  - 图像尺寸: 128
  - 使用设备: cuda

加载数据集...

=== DataLoader 配置信息 ===
批次大小: 8
加载线程数: 0
是否使用pin_memory: True
prefetch_factor: 2
是否使用扩展数据集: True
警告: 使用主线程加载数据(num_workers=0)，可能会导致训练速度变慢
已设置GDAL环境变量以优化性能
检测到GPU: Quadro RTX 6000
警告: 使用GPU时，建议num_workers至少为2，当前为0
正在创建数据集，数据根目录: ./guanceng-bit
从目录 ./guanceng-bit\9l 加载了 101 个样本
从目录 ./guanceng-bit\9m 加载了 101 个样本
从目录 ./guanceng-bit\9t 加载了 101 个样本
从目录 ./guanceng-bit\14l 加载了 101 个样本
从目录 ./guanceng-bit\14m 加载了 101 个样本
从目录 ./guanceng-bit\14t 加载了 101 个样本
从目录 ./guanceng-bit\19l 加载了 101 个样本
从目录 ./guanceng-bit\19m 加载了 101 个样本
从目录 ./guanceng-bit\19t 加载了 101 个样本
总共加载了 909 个样本
数据集创建成功，样本数量: 909
已创建数据增强，概率: 0.5
正在分割训练集和验证集...
数据集分割成功
数据集总大小: 909
训练集大小: 727
验证集大小: 182
正在创建训练数据加载器...
训练数据加载器创建成功，批次数: 90
正在创建验证数据加载器...
验证数据加载器创建成功，批次数: 23
=== DataLoader配置完成 ===

训练集大小: 727
验证集大小: 182

创建LodgeNet模型...
模型参数数量: 28,173,810

开始训练 50 轮...

轮次 1/50
--------------------------------------------------

训练中:   0%|          | 0/90 [00:00<?, ?it/s]
训练中:   0%|          | 0/90 [00:02<?, ?it/s, loss=2.16, pos_acc=0.75, grade_mae=2]
训练中:   1%|          | 1/90 [00:02<03:41,  2.49s/it, loss=2.16, pos_acc=0.75, grade_mae=2]
训练中:   1%|          | 1/90 [00:04<03:41,  2.49s/it, loss=2.15, pos_acc=0.688, grade_mae=2]
训练中:   2%|▏         | 2/90 [00:04<02:48,  1.92s/it, loss=2.15, pos_acc=0.688, grade_mae=2]
训练中:   2%|▏         | 2/90 [00:05<02:48,  1.92s/it, loss=2.15, pos_acc=0.583, grade_mae=2]
训练中:   3%|▎         | 3/90 [00:05<02:29,  1.72s/it, loss=2.15, pos_acc=0.583, grade_mae=2]
训练中:   3%|▎         | 3/90 [00:07<02:29,  1.72s/it, loss=2.15, pos_acc=0.562, grade_mae=2]
训练中:   4%|▍         | 4/90 [00:07<02:24,  1.68s/it, loss=2.15, pos_acc=0.562, grade_mae=2]
训练中:   4%|▍         | 4/90 [00:08<02:24,  1.68s/it, loss=2.07, pos_acc=0.575, grade_mae=2]
训练中:   6%|▌         | 5/90 [00:08<02:18,  1.63s/it, loss=2.07, pos_acc=0.575, grade_mae=2]
训练中:   6%|▌         | 5/90 [00:10<02:18,  1.63s/it, loss=1.96, pos_acc=0.5, grade_mae=2]  
训练中:   7%|▋         | 6/90 [00:10<02:18,  1.65s/it, loss=1.96, pos_acc=0.5, grade_mae=2]
训练中:   7%|▋         | 6/90 [00:12<02:18,  1.65s/it, loss=1.7, pos_acc=0.464, grade_mae=1.96]
训练中:   8%|▊         | 7/90 [00:12<02:17,  1.65s/it, loss=1.7, pos_acc=0.464, grade_mae=1.96]
训练中:   8%|▊         | 7/90 [00:13<02:17,  1.65s/it, loss=1.73, pos_acc=0.438, grade_mae=1.96]
训练中:   9%|▉         | 8/90 [00:13<02:14,  1.64s/it, loss=1.73, pos_acc=0.438, grade_mae=1.96]
训练中:   9%|▉         | 8/90 [00:15<02:14,  1.64s/it, loss=1.67, pos_acc=0.417, grade_mae=1.96]
训练中:  10%|█         | 9/90 [00:15<02:15,  1.67s/it, loss=1.67, pos_acc=0.417, grade_mae=1.96]
训练中:  10%|█         | 9/90 [00:17<02:15,  1.67s/it, loss=1.62, pos_acc=0.412, grade_mae=1.96]
训练中:  11%|█         | 10/90 [00:17<02:31,  1.89s/it, loss=1.62, pos_acc=0.412, grade_mae=1.96]
训练中:  11%|█         | 10/90 [00:19<02:31,  1.89s/it, loss=1.56, pos_acc=0.42, grade_mae=1.96] 
训练中:  12%|█▏        | 11/90 [00:19<02:23,  1.82s/it, loss=1.56, pos_acc=0.42, grade_mae=1.96]
训练中:  12%|█▏        | 11/90 [00:20<02:23,  1.82s/it, loss=1.5, pos_acc=0.417, grade_mae=1.96]
训练中:  13%|█▎        | 12/90 [00:20<02:13,  1.71s/it, loss=1.5, pos_acc=0.417, grade_mae=1.96]
训练中:  13%|█▎        | 12/90 [00:23<02:13,  1.71s/it, loss=1.45, pos_acc=0.413, grade_mae=1.95]
训练中:  14%|█▍        | 13/90 [00:23<02:23,  1.87s/it, loss=1.45, pos_acc=0.413, grade_mae=1.95]
训练中:  14%|█▍        | 13/90 [00:24<02:23,  1.87s/it, loss=1.43, pos_acc=0.42, grade_mae=1.95] 
训练中:  16%|█▌        | 14/90 [00:24<02:09,  1.70s/it, loss=1.43, pos_acc=0.42, grade_mae=1.95]
训练中:  16%|█▌        | 14/90 [00:25<02:09,  1.70s/it, loss=1.4, pos_acc=0.417, grade_mae=1.95]
训练中:  17%|█▋        | 15/90 [00:25<01:57,  1.57s/it, loss=1.4, pos_acc=0.417, grade_mae=1.95]
训练中:  17%|█▋        | 15/90 [00:26<01:57,  1.57s/it, loss=1.37, pos_acc=0.398, grade_mae=1.94]
训练中:  18%|█▊        | 16/90 [00:26<01:49,  1.48s/it, loss=1.37, pos_acc=0.398, grade_mae=1.94]
训练中:  18%|█▊        | 16/90 [00:28<01:49,  1.48s/it, loss=1.33, pos_acc=0.404, grade_mae=1.94]
训练中:  19%|█▉        | 17/90 [00:28<01:45,  1.44s/it, loss=1.33, pos_acc=0.404, grade_mae=1.94]
训练中:  19%|█▉        | 17/90 [00:29<01:45,  1.44s/it, loss=1.32, pos_acc=0.396, grade_mae=1.93]
训练中:  20%|██        | 18/90 [00:29<01:47,  1.50s/it, loss=1.32, pos_acc=0.396, grade_mae=1.93]
训练中:  20%|██        | 18/90 [00:31<01:47,  1.50s/it, loss=1.27, pos_acc=0.388, grade_mae=1.92]
训练中:  21%|██        | 19/90 [00:31<01:43,  1.46s/it, loss=1.27, pos_acc=0.388, grade_mae=1.92]
训练中:  21%|██        | 19/90 [00:32<01:43,  1.46s/it, loss=1.23, pos_acc=0.388, grade_mae=1.92]
训练中:  22%|██▏       | 20/90 [00:32<01:46,  1.52s/it, loss=1.23, pos_acc=0.388, grade_mae=1.92]
训练中:  22%|██▏       | 20/90 [00:34<01:46,  1.52s/it, loss=1.18, pos_acc=0.375, grade_mae=1.91]
训练中:  23%|██▎       | 21/90 [00:34<01:50,  1.60s/it, loss=1.18, pos_acc=0.375, grade_mae=1.91]
训练中:  23%|██▎       | 21/90 [00:36<01:50,  1.60s/it, loss=1.16, pos_acc=0.358, grade_mae=1.9] 
训练中:  24%|██▍       | 22/90 [00:36<01:44,  1.53s/it, loss=1.16, pos_acc=0.358, grade_mae=1.9]
训练中:  24%|██▍       | 22/90 [00:37<01:44,  1.53s/it, loss=1.13, pos_acc=0.364, grade_mae=1.89]
训练中:  26%|██▌       | 23/90 [00:37<01:41,  1.51s/it, loss=1.13, pos_acc=0.364, grade_mae=1.89]
训练中:  26%|██▌       | 23/90 [00:38<01:41,  1.51s/it, loss=1.09, pos_acc=0.365, grade_mae=1.88]
训练中:  27%|██▋       | 24/90 [00:38<01:37,  1.48s/it, loss=1.09, pos_acc=0.365, grade_mae=1.88]
训练中:  27%|██▋       | 24/90 [00:40<01:37,  1.48s/it, loss=1.04, pos_acc=0.375, grade_mae=1.87]
训练中:  28%|██▊       | 25/90 [00:40<01:46,  1.63s/it, loss=1.04, pos_acc=0.375, grade_mae=1.87]
训练中:  28%|██▊       | 25/90 [00:42<01:46,  1.63s/it, loss=0.985, pos_acc=0.385, grade_mae=1.86]
训练中:  29%|██▉       | 26/90 [00:42<01:42,  1.60s/it, loss=0.985, pos_acc=0.385, grade_mae=1.86]
训练中:  29%|██▉       | 26/90 [00:44<01:42,  1.60s/it, loss=0.943, pos_acc=0.375, grade_mae=1.84]
训练中:  30%|███       | 27/90 [00:44<01:41,  1.62s/it, loss=0.943, pos_acc=0.375, grade_mae=1.84]
训练中:  30%|███       | 27/90 [00:45<01:41,  1.62s/it, loss=0.909, pos_acc=0.366, grade_mae=1.83]
训练中:  31%|███       | 28/90 [00:45<01:39,  1.61s/it, loss=0.909, pos_acc=0.366, grade_mae=1.83]
训练中:  31%|███       | 28/90 [00:47<01:39,  1.61s/it, loss=0.85, pos_acc=0.353, grade_mae=1.82] 
训练中:  32%|███▏      | 29/90 [00:47<01:38,  1.62s/it, loss=0.85, pos_acc=0.353, grade_mae=1.82]
训练中:  32%|███▏      | 29/90 [00:48<01:38,  1.62s/it, loss=0.783, pos_acc=0.362, grade_mae=1.8]
训练中:  33%|███▎      | 30/90 [00:48<01:35,  1.60s/it, loss=0.783, pos_acc=0.362, grade_mae=1.8]
训练中:  33%|███▎      | 30/90 [00:50<01:35,  1.60s/it, loss=0.737, pos_acc=0.351, grade_mae=1.78]
训练中:  34%|███▍      | 31/90 [00:50<01:39,  1.69s/it, loss=0.737, pos_acc=0.351, grade_mae=1.78]
训练中:  34%|███▍      | 31/90 [00:52<01:39,  1.69s/it, loss=0.691, pos_acc=0.359, grade_mae=1.76]
训练中:  36%|███▌      | 32/90 [00:52<01:35,  1.65s/it, loss=0.691, pos_acc=0.359, grade_mae=1.76]
训练中:  36%|███▌      | 32/90 [00:53<01:35,  1.65s/it, loss=0.616, pos_acc=0.36, grade_mae=1.74] 
训练中:  37%|███▋      | 33/90 [00:53<01:33,  1.64s/it, loss=0.616, pos_acc=0.36, grade_mae=1.74]
训练中:  37%|███▋      | 33/90 [00:55<01:33,  1.64s/it, loss=0.595, pos_acc=0.371, grade_mae=1.72]
训练中:  38%|███▊      | 34/90 [00:55<01:29,  1.60s/it, loss=0.595, pos_acc=0.371, grade_mae=1.72]
训练中:  38%|███▊      | 34/90 [00:57<01:29,  1.60s/it, loss=0.517, pos_acc=0.368, grade_mae=1.7] 
训练中:  39%|███▉      | 35/90 [00:57<01:27,  1.59s/it, loss=0.517, pos_acc=0.368, grade_mae=1.7]
训练中:  39%|███▉      | 35/90 [00:58<01:27,  1.59s/it, loss=0.454, pos_acc=0.372, grade_mae=1.68]
训练中:  40%|████      | 36/90 [00:58<01:28,  1.64s/it, loss=0.454, pos_acc=0.372, grade_mae=1.68]
训练中:  40%|████      | 36/90 [01:00<01:28,  1.64s/it, loss=0.434, pos_acc=0.378, grade_mae=1.65]
训练中:  41%|████      | 37/90 [01:00<01:31,  1.72s/it, loss=0.434, pos_acc=0.378, grade_mae=1.65]
训练中:  41%|████      | 37/90 [01:02<01:31,  1.72s/it, loss=0.437, pos_acc=0.378, grade_mae=1.63]
训练中:  42%|████▏     | 38/90 [01:02<01:27,  1.68s/it, loss=0.437, pos_acc=0.378, grade_mae=1.63]
训练中:  42%|████▏     | 38/90 [01:04<01:27,  1.68s/it, loss=0.361, pos_acc=0.385, grade_mae=1.6] 
训练中:  43%|████▎     | 39/90 [01:04<01:27,  1.71s/it, loss=0.361, pos_acc=0.385, grade_mae=1.6]
训练中:  43%|████▎     | 39/90 [01:05<01:27,  1.71s/it, loss=0.306, pos_acc=0.384, grade_mae=1.58]
训练中:  44%|████▍     | 40/90 [01:05<01:27,  1.76s/it, loss=0.306, pos_acc=0.384, grade_mae=1.58]
训练中:  44%|████▍     | 40/90 [01:07<01:27,  1.76s/it, loss=0.291, pos_acc=0.381, grade_mae=1.55]
训练中:  46%|████▌     | 41/90 [01:07<01:22,  1.68s/it, loss=0.291, pos_acc=0.381, grade_mae=1.55]
训练中:  46%|████▌     | 41/90 [01:08<01:22,  1.68s/it, loss=0.391, pos_acc=0.378, grade_mae=1.52]
训练中:  47%|████▋     | 42/90 [01:08<01:18,  1.63s/it, loss=0.391, pos_acc=0.378, grade_mae=1.52]
训练中:  47%|████▋     | 42/90 [01:10<01:18,  1.63s/it, loss=0.257, pos_acc=0.375, grade_mae=1.49]
训练中:  48%|████▊     | 43/90 [01:10<01:16,  1.63s/it, loss=0.257, pos_acc=0.375, grade_mae=1.49]
训练中:  48%|████▊     | 43/90 [01:12<01:16,  1.63s/it, loss=0.248, pos_acc=0.384, grade_mae=1.46]
训练中:  49%|████▉     | 44/90 [01:12<01:14,  1.63s/it, loss=0.248, pos_acc=0.384, grade_mae=1.46]
训练中:  49%|████▉     | 44/90 [01:13<01:14,  1.63s/it, loss=0.238, pos_acc=0.381, grade_mae=1.43]
训练中:  50%|█████     | 45/90 [01:13<01:12,  1.62s/it, loss=0.238, pos_acc=0.381, grade_mae=1.43]
训练中:  50%|█████     | 45/90 [01:15<01:12,  1.62s/it, loss=0.241, pos_acc=0.383, grade_mae=1.4] 
训练中:  51%|█████     | 46/90 [01:15<01:10,  1.60s/it, loss=0.241, pos_acc=0.383, grade_mae=1.4]
训练中:  51%|█████     | 46/90 [01:17<01:10,  1.60s/it, loss=0.241, pos_acc=0.383, grade_mae=1.38]
训练中:  52%|█████▏    | 47/90 [01:17<01:09,  1.62s/it, loss=0.241, pos_acc=0.383, grade_mae=1.38]
训练中:  52%|█████▏    | 47/90 [01:18<01:09,  1.62s/it, loss=0.249, pos_acc=0.38, grade_mae=1.35] 
训练中:  53%|█████▎    | 48/90 [01:18<01:06,  1.57s/it, loss=0.249, pos_acc=0.38, grade_mae=1.35]
训练中:  53%|█████▎    | 48/90 [01:20<01:06,  1.57s/it, loss=0.487, pos_acc=0.372, grade_mae=1.34]
训练中:  54%|█████▍    | 49/90 [01:20<01:06,  1.62s/it, loss=0.487, pos_acc=0.372, grade_mae=1.34]
训练中:  54%|█████▍    | 49/90 [01:21<01:06,  1.62s/it, loss=0.27, pos_acc=0.372, grade_mae=1.32] 
训练中:  56%|█████▌    | 50/90 [01:21<01:03,  1.59s/it, loss=0.27, pos_acc=0.372, grade_mae=1.32]
训练中:  56%|█████▌    | 50/90 [01:23<01:03,  1.59s/it, loss=0.255, pos_acc=0.375, grade_mae=1.3]
训练中:  57%|█████▋    | 51/90 [01:23<01:07,  1.73s/it, loss=0.255, pos_acc=0.375, grade_mae=1.3]
训练中:  57%|█████▋    | 51/90 [01:25<01:07,  1.73s/it, loss=0.262, pos_acc=0.375, grade_mae=1.28]
训练中:  58%|█████▊    | 52/90 [01:25<01:05,  1.72s/it, loss=0.262, pos_acc=0.375, grade_mae=1.28]
训练中:  58%|█████▊    | 52/90 [01:26<01:05,  1.72s/it, loss=0.248, pos_acc=0.375, grade_mae=1.26]
训练中:  59%|█████▉    | 53/90 [01:26<01:00,  1.62s/it, loss=0.248, pos_acc=0.375, grade_mae=1.26]
训练中:  59%|█████▉    | 53/90 [01:28<01:00,  1.62s/it, loss=0.483, pos_acc=0.377, grade_mae=1.24]
训练中:  60%|██████    | 54/90 [01:28<00:56,  1.57s/it, loss=0.483, pos_acc=0.377, grade_mae=1.24]
训练中:  60%|██████    | 54/90 [01:30<00:56,  1.57s/it, loss=0.259, pos_acc=0.38, grade_mae=1.23] 
训练中:  61%|██████    | 55/90 [01:30<00:56,  1.60s/it, loss=0.259, pos_acc=0.38, grade_mae=1.23]
训练中:  61%|██████    | 55/90 [01:31<00:56,  1.60s/it, loss=0.247, pos_acc=0.384, grade_mae=1.21]
训练中:  62%|██████▏   | 56/90 [01:31<00:54,  1.61s/it, loss=0.247, pos_acc=0.384, grade_mae=1.21]
训练中:  62%|██████▏   | 56/90 [01:33<00:54,  1.61s/it, loss=0.504, pos_acc=0.386, grade_mae=1.19]
训练中:  63%|██████▎   | 57/90 [01:33<00:51,  1.55s/it, loss=0.504, pos_acc=0.386, grade_mae=1.19]
训练中:  63%|██████▎   | 57/90 [01:34<00:51,  1.55s/it, loss=0.222, pos_acc=0.39, grade_mae=1.18] 
训练中:  64%|██████▍   | 58/90 [01:34<00:50,  1.57s/it, loss=0.222, pos_acc=0.39, grade_mae=1.18]
训练中:  64%|██████▍   | 58/90 [01:36<00:50,  1.57s/it, loss=0.246, pos_acc=0.386, grade_mae=1.16]
训练中:  66%|██████▌   | 59/90 [01:36<00:48,  1.55s/it, loss=0.246, pos_acc=0.386, grade_mae=1.16]
训练中:  66%|██████▌   | 59/90 [01:37<00:48,  1.55s/it, loss=0.225, pos_acc=0.381, grade_mae=1.14]
训练中:  67%|██████▋   | 60/90 [01:37<00:48,  1.62s/it, loss=0.225, pos_acc=0.381, grade_mae=1.14]
训练中:  67%|██████▋   | 60/90 [01:39<00:48,  1.62s/it, loss=0.218, pos_acc=0.375, grade_mae=1.13]
训练中:  68%|██████▊   | 61/90 [01:39<00:43,  1.50s/it, loss=0.218, pos_acc=0.375, grade_mae=1.13]
训练中:  68%|██████▊   | 61/90 [01:40<00:43,  1.50s/it, loss=0.213, pos_acc=0.375, grade_mae=1.11]
训练中:  69%|██████▉   | 62/90 [01:40<00:40,  1.44s/it, loss=0.213, pos_acc=0.375, grade_mae=1.11]
训练中:  69%|██████▉   | 62/90 [01:41<00:40,  1.44s/it, loss=0.22, pos_acc=0.373, grade_mae=1.1]  
训练中:  70%|███████   | 63/90 [01:41<00:37,  1.39s/it, loss=0.22, pos_acc=0.373, grade_mae=1.1]
训练中:  70%|███████   | 63/90 [01:43<00:37,  1.39s/it, loss=0.365, pos_acc=0.375, grade_mae=1.08]
训练中:  71%|███████   | 64/90 [01:43<00:35,  1.36s/it, loss=0.365, pos_acc=0.375, grade_mae=1.08]
训练中:  71%|███████   | 64/90 [01:44<00:35,  1.36s/it, loss=0.212, pos_acc=0.379, grade_mae=1.07]
训练中:  72%|███████▏  | 65/90 [01:44<00:33,  1.34s/it, loss=0.212, pos_acc=0.379, grade_mae=1.07]
训练中:  72%|███████▏  | 65/90 [01:45<00:33,  1.34s/it, loss=0.34, pos_acc=0.377, grade_mae=1.06] 
训练中:  73%|███████▎  | 66/90 [01:45<00:31,  1.33s/it, loss=0.34, pos_acc=0.377, grade_mae=1.06]
训练中:  73%|███████▎  | 66/90 [01:47<00:31,  1.33s/it, loss=0.206, pos_acc=0.377, grade_mae=1.04]
训练中:  74%|███████▍  | 67/90 [01:47<00:33,  1.45s/it, loss=0.206, pos_acc=0.377, grade_mae=1.04]
训练中:  74%|███████▍  | 67/90 [01:48<00:33,  1.45s/it, loss=0.209, pos_acc=0.373, grade_mae=1.03]
训练中:  76%|███████▌  | 68/90 [01:48<00:30,  1.40s/it, loss=0.209, pos_acc=0.373, grade_mae=1.03]
训练中:  76%|███████▌  | 68/90 [01:50<00:30,  1.40s/it, loss=0.352, pos_acc=0.375, grade_mae=1.02]
训练中:  77%|███████▋  | 69/90 [01:50<00:32,  1.56s/it, loss=0.352, pos_acc=0.375, grade_mae=1.02]
训练中:  77%|███████▋  | 69/90 [01:52<00:32,  1.56s/it, loss=0.209, pos_acc=0.373, grade_mae=1.01]
训练中:  78%|███████▊  | 70/90 [01:52<00:34,  1.71s/it, loss=0.209, pos_acc=0.373, grade_mae=1.01]
训练中:  78%|███████▊  | 70/90 [01:54<00:34,  1.71s/it, loss=0.202, pos_acc=0.375, grade_mae=1]   
训练中:  79%|███████▉  | 71/90 [01:54<00:32,  1.69s/it, loss=0.202, pos_acc=0.375, grade_mae=1]
训练中:  79%|███████▉  | 71/90 [01:55<00:32,  1.69s/it, loss=0.207, pos_acc=0.375, grade_mae=0.989]
训练中:  80%|████████  | 72/90 [01:55<00:29,  1.65s/it, loss=0.207, pos_acc=0.375, grade_mae=0.989]
训练中:  80%|████████  | 72/90 [01:57<00:29,  1.65s/it, loss=0.225, pos_acc=0.373, grade_mae=0.979]
训练中:  81%|████████  | 73/90 [01:57<00:26,  1.56s/it, loss=0.225, pos_acc=0.373, grade_mae=0.979]
训练中:  81%|████████  | 73/90 [01:58<00:26,  1.56s/it, loss=0.54, pos_acc=0.37, grade_mae=0.969]  
训练中:  82%|████████▏ | 74/90 [01:58<00:23,  1.47s/it, loss=0.54, pos_acc=0.37, grade_mae=0.969]
训练中:  82%|████████▏ | 74/90 [02:00<00:23,  1.47s/it, loss=0.208, pos_acc=0.373, grade_mae=0.959]
训练中:  83%|████████▎ | 75/90 [02:00<00:22,  1.53s/it, loss=0.208, pos_acc=0.373, grade_mae=0.959]
训练中:  83%|████████▎ | 75/90 [02:01<00:22,  1.53s/it, loss=0.208, pos_acc=0.372, grade_mae=0.949]
训练中:  84%|████████▍ | 76/90 [02:01<00:21,  1.55s/it, loss=0.208, pos_acc=0.372, grade_mae=0.949]
训练中:  84%|████████▍ | 76/90 [02:03<00:21,  1.55s/it, loss=0.203, pos_acc=0.372, grade_mae=0.939]
训练中:  86%|████████▌ | 77/90 [02:03<00:22,  1.73s/it, loss=0.203, pos_acc=0.372, grade_mae=0.939]
训练中:  86%|████████▌ | 77/90 [02:05<00:22,  1.73s/it, loss=0.19, pos_acc=0.378, grade_mae=0.929] 
训练中:  87%|████████▋ | 78/90 [02:05<00:19,  1.63s/it, loss=0.19, pos_acc=0.378, grade_mae=0.929]
训练中:  87%|████████▋ | 78/90 [02:06<00:19,  1.63s/it, loss=0.195, pos_acc=0.377, grade_mae=0.92]
训练中:  88%|████████▊ | 79/90 [02:06<00:17,  1.60s/it, loss=0.195, pos_acc=0.377, grade_mae=0.92]
训练中:  88%|████████▊ | 79/90 [02:09<00:17,  1.60s/it, loss=0.203, pos_acc=0.377, grade_mae=0.91]
训练中:  89%|████████▉ | 80/90 [02:09<00:18,  1.81s/it, loss=0.203, pos_acc=0.377, grade_mae=0.91]
训练中:  89%|████████▉ | 80/90 [02:10<00:18,  1.81s/it, loss=0.191, pos_acc=0.378, grade_mae=0.901]
训练中:  90%|█████████ | 81/90 [02:10<00:14,  1.66s/it, loss=0.191, pos_acc=0.378, grade_mae=0.901]
训练中:  90%|█████████ | 81/90 [02:12<00:14,  1.66s/it, loss=0.188, pos_acc=0.378, grade_mae=0.891]
训练中:  91%|█████████ | 82/90 [02:12<00:13,  1.67s/it, loss=0.188, pos_acc=0.378, grade_mae=0.891]
训练中:  91%|█████████ | 82/90 [02:13<00:13,  1.67s/it, loss=0.182, pos_acc=0.38, grade_mae=0.882] 
训练中:  92%|█████████▏| 83/90 [02:13<00:11,  1.69s/it, loss=0.182, pos_acc=0.38, grade_mae=0.882]
训练中:  92%|█████████▏| 83/90 [02:15<00:11,  1.69s/it, loss=0.182, pos_acc=0.378, grade_mae=0.873]
训练中:  93%|█████████▎| 84/90 [02:15<00:09,  1.61s/it, loss=0.182, pos_acc=0.378, grade_mae=0.873]
训练中:  93%|█████████▎| 84/90 [02:16<00:09,  1.61s/it, loss=0.178, pos_acc=0.378, grade_mae=0.863]
训练中:  94%|█████████▍| 85/90 [02:16<00:08,  1.60s/it, loss=0.178, pos_acc=0.378, grade_mae=0.863]
训练中:  94%|█████████▍| 85/90 [02:18<00:08,  1.60s/it, loss=0.181, pos_acc=0.382, grade_mae=0.855]
训练中:  96%|█████████▌| 86/90 [02:18<00:06,  1.72s/it, loss=0.181, pos_acc=0.382, grade_mae=0.855]
训练中:  96%|█████████▌| 86/90 [02:20<00:06,  1.72s/it, loss=0.175, pos_acc=0.384, grade_mae=0.846]
训练中:  97%|█████████▋| 87/90 [02:20<00:05,  1.74s/it, loss=0.175, pos_acc=0.384, grade_mae=0.846]
训练中:  97%|█████████▋| 87/90 [02:22<00:05,  1.74s/it, loss=0.174, pos_acc=0.382, grade_mae=0.837]
训练中:  98%|█████████▊| 88/90 [02:22<00:03,  1.72s/it, loss=0.174, pos_acc=0.382, grade_mae=0.837]
训练中:  98%|█████████▊| 88/90 [02:24<00:03,  1.72s/it, loss=0.171, pos_acc=0.383, grade_mae=0.828]
训练中:  99%|█████████▉| 89/90 [02:24<00:01,  1.71s/it, loss=0.171, pos_acc=0.383, grade_mae=0.828]
训练中:  99%|█████████▉| 89/90 [02:25<00:01,  1.71s/it, loss=0.169, pos_acc=0.385, grade_mae=0.82] 
训练中: 100%|██████████| 90/90 [02:25<00:00,  1.67s/it, loss=0.169, pos_acc=0.385, grade_mae=0.82]
训练中: 100%|██████████| 90/90 [02:25<00:00,  1.62s/it, loss=0.169, pos_acc=0.385, grade_mae=0.82]
D:\anaconda3\Lib\site-packages\sklearn\metrics\_classification.py:1531: UndefinedMetricWarning: Precision is ill-defined and being set to 0.0 in labels with no predicted samples. Use `zero_division` parameter to control this behavior.
  _warn_prf(average, modifier, f"{metric.capitalize()} is", len(result))
训练 - 损失: 0.6781, 位置准确率: 0.3847, 等级MAE: 0.8199
验证 - 损失: 0.4058, 位置准确率: 0.3242, 位置F1: 0.1587, 等级MAE: 0.7016
Traceback (most recent call last):
  File "C:\Users\FANKK18\Desktop\LodgeNet1\lodgenet_train.py", line 613, in <module>
    main(args) 
    ^^^^^^^^^^
  File "C:\Users\FANKK18\Desktop\LodgeNet1\lodgenet_train.py", line 563, in main
    print(f"\U0001f4be 保存最佳F1模型 (F1: {best_f1:.4f})")
UnicodeEncodeError: 'gbk' codec can't encode character '\U0001f4be' in position 0: illegal multibyte sequence
