====== LodgeNet训练开始 ======
训练配置:
  - 数据根目录: ./guanceng-bit
  - JSON根目录: ./biaozhu_json
  - 输出目录: ./output_lodgenet_optimized_20250523_213737
  - 批次大小: 256
  - 学习率: 0.001
  - 训练轮数: 50
  - 图像尺寸: 256
  - 使用设备: cuda
  - GPU: Quadro RTX 6000
  - GPU内存: 22.5 GB

加载数据集...

=== DataLoader 配置信息 ===
批次大小: 256
加载线程数: 16
是否使用pin_memory: True
prefetch_factor: 2
是否使用扩展数据集: True
已设置GDAL环境变量以优化性能
检测到GPU: Quadro RTX 6000
正在创建数据集，数据根目录: ./guanceng-bit
从目录 ./guanceng-bit\9l 加载了 101 个样本
从目录 ./guanceng-bit\9m 加载了 101 个样本
从目录 ./guanceng-bit\9t 加载了 101 个样本
从目录 ./guanceng-bit\14l 加载了 101 个样本
从目录 ./guanceng-bit\14m 加载了 101 个样本
从目录 ./guanceng-bit\14t 加载了 101 个样本
从目录 ./guanceng-bit\19l 加载了 101 个样本
从目录 ./guanceng-bit\19m 加载了 101 个样本
从目录 ./guanceng-bit\19t 加载了 101 个样本
总共加载了 909 个样本
数据集创建成功，样本数量: 909
已创建数据增强，概率: 0.5
正在分割训练集和验证集...
数据集分割成功
数据集总大小: 909
训练集大小: 727
验证集大小: 182
正在创建训练数据加载器...
训练数据加载器创建成功，批次数: 2
正在创建验证数据加载器...
验证数据加载器创建成功，批次数: 1
=== DataLoader配置完成 ===

训练集大小: 727
验证集大小: 182

创建LodgeNet模型...
模型参数数量: 28,173,810
  - 启用混合精度训练

开始训练 50 轮...

轮次 1/50
--------------------------------------------------

